0    [main] INFO  Server  - Persistent store file: /Users/denys/Dropbox/mqtt/bin/moquette_store.mapdb
52   [main] INFO  MapDBPersistentStore  - Starting with fresh [/Users/denys/Dropbox/mqtt/bin/moquette_store.mapdb] db file
496  [main] INFO  FileAuthenticator  - Loading password file: /Users/denys/Dropbox/mqtt/config/password_file.conf
1089 [main] INFO  NettyAcceptor  - Server binded host: 0.0.0.0, port: 1883
1099 [main] INFO  NettyAcceptor  - Server binded host: 0.0.0.0, port: 8080
0    [main] INFO  Server  - Persistent store file: /home/denys/git/iot/Moquette/bin/moquette_store.mapdb
8    [main] INFO  MapDBPersistentStore  - Starting with existing [/home/denys/git/iot/Moquette/bin/moquette_store.mapdb] db file
117  [main] INFO  FileAuthenticator  - Loading password file: /home/denys/git/iot/Moquette/config/password_file.conf
257  [main] INFO  NettyAcceptor  - Server binded host: 0.0.0.0, port: 1883
258  [main] INFO  NettyAcceptor  - Server binded host: 0.0.0.0, port: 8080
71805 [nioEventLoopGroup-3-1] INFO  ProtocolProcessor  - Create persistent session for clientID <mqtt-spy>
71837 [nioEventLoopGroup-3-1] INFO  ClientSession  - cleaning old saved subscriptions for client <mqtt-spy>
71849 [nioEventLoopGroup-3-1] INFO  ProtocolProcessor  - Connected client ID <mqtt-spy> with clean session true
71849 [nioEventLoopGroup-3-1] INFO  ProtocolProcessor  - CONNECT processed
77667 [nioEventLoopGroup-3-1] INFO  ProtocolProcessor  - DISCONNECT client <mqtt-spy> with clean session true
77667 [nioEventLoopGroup-3-1] INFO  ClientSession  - cleaning old saved subscriptions for client <mqtt-spy>
77669 [nioEventLoopGroup-3-1] INFO  ProtocolProcessor  - DISCONNECT client <mqtt-spy> finished
120492 [nioEventLoopGroup-3-2] INFO  ClientSession  - cleaning old saved subscriptions for client <mqtt-spy>
120493 [nioEventLoopGroup-3-2] INFO  ProtocolProcessor  - Connected client ID <mqtt-spy> with clean session true
120493 [nioEventLoopGroup-3-2] INFO  ProtocolProcessor  - CONNECT processed
888922 [nioEventLoopGroup-3-3] INFO  ProtocolProcessor  - Create persistent session for clientID <JavaSample>
888923 [nioEventLoopGroup-3-3] INFO  ClientSession  - cleaning old saved subscriptions for client <JavaSample>
888926 [nioEventLoopGroup-3-3] INFO  ProtocolProcessor  - Connected client ID <JavaSample> with clean session true
888926 [nioEventLoopGroup-3-3] INFO  ProtocolProcessor  - CONNECT processed
888930 [nioEventLoopGroup-3-3] INFO  ProtocolProcessor  - PUBLISH from clientID <JavaSample> on topic <topic/something> with QoS MOST_ONE
888935 [nioEventLoopGroup-3-3] INFO  ProtocolProcessor  - DISCONNECT client <JavaSample> with clean session true
888935 [nioEventLoopGroup-3-3] INFO  ClientSession  - cleaning old saved subscriptions for client <JavaSample>
888936 [nioEventLoopGroup-3-3] INFO  ProtocolProcessor  - DISCONNECT client <JavaSample> finished
931153 [nioEventLoopGroup-3-2] INFO  ProtocolProcessor  - DISCONNECT client <mqtt-spy> with clean session true
931154 [nioEventLoopGroup-3-2] INFO  ClientSession  - cleaning old saved subscriptions for client <mqtt-spy>
931156 [nioEventLoopGroup-3-2] INFO  ProtocolProcessor  - DISCONNECT client <mqtt-spy> finished
936835 [nioEventLoopGroup-3-4] INFO  ClientSession  - cleaning old saved subscriptions for client <JavaSample>
936837 [nioEventLoopGroup-3-4] INFO  ProtocolProcessor  - Connected client ID <JavaSample> with clean session true
936837 [nioEventLoopGroup-3-4] INFO  ProtocolProcessor  - CONNECT processed
941427 [nioEventLoopGroup-3-5] INFO  ProtocolProcessor  - Found an existing connection with same client ID <JavaSample>, forcing to close
941427 [nioEventLoopGroup-3-5] INFO  ClientSession  - cleaning old saved subscriptions for client <JavaSample>
941429 [nioEventLoopGroup-3-5] INFO  ClientSession  - cleaning old saved subscriptions for client <JavaSample>
941430 [nioEventLoopGroup-3-5] INFO  ProtocolProcessor  - Connected client ID <JavaSample> with clean session true
941430 [nioEventLoopGroup-3-5] INFO  ProtocolProcessor  - CONNECT processed
941429 [nioEventLoopGroup-3-4] INFO  ProtocolProcessor  - Lost connection with client <JavaSample>
941447 [nioEventLoopGroup-3-5] INFO  ProtocolProcessor  - PUBLISH from clientID <JavaSample> on topic <topic/something> with QoS MOST_ONE
941448 [nioEventLoopGroup-3-5] INFO  ProtocolProcessor  - DISCONNECT client <JavaSample> with clean session true
941449 [nioEventLoopGroup-3-5] INFO  ClientSession  - cleaning old saved subscriptions for client <JavaSample>
941449 [nioEventLoopGroup-3-5] INFO  ProtocolProcessor  - DISCONNECT client <JavaSample> finished
945833 [nioEventLoopGroup-3-6] INFO  ClientSession  - cleaning old saved subscriptions for client <JavaSample>
945834 [nioEventLoopGroup-3-6] INFO  ProtocolProcessor  - Connected client ID <JavaSample> with clean session true
945834 [nioEventLoopGroup-3-6] INFO  ProtocolProcessor  - CONNECT processed
950730 [nioEventLoopGroup-3-7] INFO  ProtocolProcessor  - Found an existing connection with same client ID <JavaSample>, forcing to close
950730 [nioEventLoopGroup-3-7] INFO  ClientSession  - cleaning old saved subscriptions for client <JavaSample>
950732 [nioEventLoopGroup-3-6] INFO  ProtocolProcessor  - Lost connection with client <JavaSample>
950733 [nioEventLoopGroup-3-7] INFO  ClientSession  - cleaning old saved subscriptions for client <JavaSample>
950734 [nioEventLoopGroup-3-7] INFO  ProtocolProcessor  - Connected client ID <JavaSample> with clean session true
950734 [nioEventLoopGroup-3-7] INFO  ProtocolProcessor  - CONNECT processed
950743 [nioEventLoopGroup-3-7] INFO  ProtocolProcessor  - PUBLISH from clientID <JavaSample> on topic <topic/something> with QoS MOST_ONE
950744 [nioEventLoopGroup-3-7] INFO  ProtocolProcessor  - DISCONNECT client <JavaSample> with clean session true
950745 [nioEventLoopGroup-3-7] INFO  ClientSession  - cleaning old saved subscriptions for client <JavaSample>
950746 [nioEventLoopGroup-3-7] INFO  ProtocolProcessor  - DISCONNECT client <JavaSample> finished
980788 [nioEventLoopGroup-3-8] INFO  ClientSession  - cleaning old saved subscriptions for client <JavaSample>
980790 [nioEventLoopGroup-3-8] INFO  ProtocolProcessor  - Connected client ID <JavaSample> with clean session true
980791 [nioEventLoopGroup-3-8] INFO  ProtocolProcessor  - CONNECT processed
986135 [nioEventLoopGroup-3-1] INFO  ProtocolProcessor  - Create persistent session for clientID <JavaSample3>
986136 [nioEventLoopGroup-3-1] INFO  ClientSession  - cleaning old saved subscriptions for client <JavaSample3>
986137 [nioEventLoopGroup-3-1] INFO  ProtocolProcessor  - Connected client ID <JavaSample3> with clean session true
986137 [nioEventLoopGroup-3-1] INFO  ProtocolProcessor  - CONNECT processed
986140 [nioEventLoopGroup-3-1] INFO  ProtocolProcessor  - PUBLISH from clientID <JavaSample3> on topic <topic/something> with QoS MOST_ONE
986142 [nioEventLoopGroup-3-1] INFO  ProtocolProcessor  - DISCONNECT client <JavaSample3> with clean session true
986142 [nioEventLoopGroup-3-1] INFO  ClientSession  - cleaning old saved subscriptions for client <JavaSample3>
986145 [nioEventLoopGroup-3-1] INFO  ProtocolProcessor  - DISCONNECT client <JavaSample3> finished
1026097 [nioEventLoopGroup-3-2] INFO  ClientSession  - cleaning old saved subscriptions for client <JavaSample3>
1026098 [nioEventLoopGroup-3-2] INFO  ProtocolProcessor  - Connected client ID <JavaSample3> with clean session true
1026098 [nioEventLoopGroup-3-2] INFO  ProtocolProcessor  - CONNECT processed
1026101 [nioEventLoopGroup-3-2] INFO  ProtocolProcessor  - PUBLISH from clientID <JavaSample3> on topic <topic/something> with QoS MOST_ONE
1026103 [nioEventLoopGroup-3-2] INFO  ProtocolProcessor  - DISCONNECT client <JavaSample3> with clean session true
1026103 [nioEventLoopGroup-3-2] INFO  ClientSession  - cleaning old saved subscriptions for client <JavaSample3>
1026103 [nioEventLoopGroup-3-2] INFO  ProtocolProcessor  - DISCONNECT client <JavaSample3> finished
1046453 [Thread-1] INFO  Server  - Server stopping...
1046692 [Thread-1] INFO  NettyAcceptor  - Msg read: 70, msg wrote: 46
1046693 [Thread-1] INFO  NettyAcceptor  - Bytes read: 1024, bytes wrote: 11646
1046710 [Thread-1] INFO  Server  - Server stopped
0    [main] INFO  Server  - Persistent store file: /home/denys/git/iot/Moquette/bin/moquette_store.mapdb
8    [main] INFO  MapDBPersistentStore  - Starting with existing [/home/denys/git/iot/Moquette/bin/moquette_store.mapdb] db file
110  [main] INFO  FileAuthenticator  - Loading password file: /home/denys/git/iot/Moquette/config/password_file.conf
236  [main] INFO  NettyAcceptor  - Server binded host: 0.0.0.0, port: 1883
242  [main] INFO  NettyAcceptor  - Server binded host: 0.0.0.0, port: 8080
8015 [nioEventLoopGroup-3-1] INFO  ClientSession  - cleaning old saved subscriptions for client <JavaSample>
8054 [nioEventLoopGroup-3-1] INFO  ProtocolProcessor  - Connected client ID <JavaSample> with clean session true
8055 [nioEventLoopGroup-3-1] INFO  ProtocolProcessor  - CONNECT processed
24082 [nioEventLoopGroup-3-1] INFO  ProtocolProcessor  - DISCONNECT client <JavaSample> with clean session true
24082 [nioEventLoopGroup-3-1] INFO  ClientSession  - cleaning old saved subscriptions for client <JavaSample>
24084 [nioEventLoopGroup-3-1] INFO  ProtocolProcessor  - DISCONNECT client <JavaSample> finished
49449 [nioEventLoopGroup-3-2] INFO  ClientSession  - cleaning old saved subscriptions for client <JavaSample>
49450 [nioEventLoopGroup-3-2] INFO  ProtocolProcessor  - Connected client ID <JavaSample> with clean session true
49450 [nioEventLoopGroup-3-2] INFO  ProtocolProcessor  - CONNECT processed
63423 [nioEventLoopGroup-3-3] INFO  ClientSession  - cleaning old saved subscriptions for client <JavaSample3>
63428 [nioEventLoopGroup-3-3] INFO  ProtocolProcessor  - Connected client ID <JavaSample3> with clean session true
63428 [nioEventLoopGroup-3-3] INFO  ProtocolProcessor  - CONNECT processed
63433 [nioEventLoopGroup-3-3] INFO  ProtocolProcessor  - PUBLISH from clientID <JavaSample3> on topic <topic/something> with QoS MOST_ONE
63436 [nioEventLoopGroup-3-3] INFO  ProtocolProcessor  - DISCONNECT client <JavaSample3> with clean session true
63436 [nioEventLoopGroup-3-3] INFO  ClientSession  - cleaning old saved subscriptions for client <JavaSample3>
63437 [nioEventLoopGroup-3-3] INFO  ProtocolProcessor  - DISCONNECT client <JavaSample3> finished
93486 [nioEventLoopGroup-3-4] INFO  ClientSession  - cleaning old saved subscriptions for client <JavaSample3>
93488 [nioEventLoopGroup-3-4] INFO  ProtocolProcessor  - Connected client ID <JavaSample3> with clean session true
93488 [nioEventLoopGroup-3-4] INFO  ProtocolProcessor  - CONNECT processed
93492 [nioEventLoopGroup-3-4] INFO  ProtocolProcessor  - PUBLISH from clientID <JavaSample3> on topic <topic/something> with QoS MOST_ONE
93494 [nioEventLoopGroup-3-4] INFO  ProtocolProcessor  - DISCONNECT client <JavaSample3> with clean session true
93494 [nioEventLoopGroup-3-4] INFO  ClientSession  - cleaning old saved subscriptions for client <JavaSample3>
93495 [nioEventLoopGroup-3-4] INFO  ProtocolProcessor  - DISCONNECT client <JavaSample3> finished
288477 [nioEventLoopGroup-3-2] INFO  ClientSession  - <JavaSample> subscribed to topicFilter <topic/something> with QoS 0 - MOST_ONE
293009 [nioEventLoopGroup-3-5] INFO  ClientSession  - cleaning old saved subscriptions for client <JavaSample3>
293010 [nioEventLoopGroup-3-5] INFO  ProtocolProcessor  - Connected client ID <JavaSample3> with clean session true
293011 [nioEventLoopGroup-3-5] INFO  ProtocolProcessor  - CONNECT processed
293015 [nioEventLoopGroup-3-5] INFO  ProtocolProcessor  - PUBLISH from clientID <JavaSample3> on topic <topic/something> with QoS MOST_ONE
293016 [nioEventLoopGroup-3-5] INFO  ProtocolProcessor  - send publish message to <JavaSample> on topic <topic/something>
293018 [nioEventLoopGroup-3-5] INFO  ProtocolProcessor  - DISCONNECT client <JavaSample3> with clean session true
293018 [nioEventLoopGroup-3-5] INFO  ClientSession  - cleaning old saved subscriptions for client <JavaSample3>
293019 [nioEventLoopGroup-3-5] INFO  ProtocolProcessor  - DISCONNECT client <JavaSample3> finished
304325 [nioEventLoopGroup-3-2] INFO  ProtocolProcessor  - replying with UnsubAck to MSG ID 2
304329 [nioEventLoopGroup-3-2] INFO  ProtocolProcessor  - DISCONNECT client <JavaSample> with clean session true
304329 [nioEventLoopGroup-3-2] INFO  ClientSession  - cleaning old saved subscriptions for client <JavaSample>
304333 [nioEventLoopGroup-3-2] INFO  ProtocolProcessor  - DISCONNECT client <JavaSample> finished
308285 [Thread-1] INFO  Server  - Server stopping...
308500 [Thread-1] INFO  NettyAcceptor  - Msg read: 36, msg wrote: 22
308501 [Thread-1] INFO  NettyAcceptor  - Bytes read: 658, bytes wrote: 5464
308517 [Thread-1] INFO  Server  - Server stopped
